<?xml version="1.0" encoding="utf-8"?><testsuites><testsuite errors="0" failures="0" hostname="LAPTOP-5CEAE94F" name="pytest" skipped="0" tests="4" time="6.805" timestamp="2020-05-23T12:16:52.712606"><testcase classname="test_submit" file="test_submit.py" line="3" name="test_q1" time="0.059"></testcase><testcase classname="test_submit" file="test_submit.py" line="8" name="test_q2" time="0.060"></testcase><testcase classname="test_submit" file="test_submit.py" line="13" name="test_q3" time="0.109"></testcase><testcase classname="test_submit" file="test_submit.py" line="18" name="test_q4" time="0.552"></testcase></testsuite></testsuites>