<?xml version="1.0" encoding="utf-8"?><testsuites><testsuite errors="0" failures="0" hostname="LAPTOP-5CEAE94F" name="pytest" skipped="0" tests="5" time="2.057" timestamp="2020-05-02T15:19:43.272385"><testcase classname="test_submit" file="test_submit.py" line="3" name="test_q1" time="0.012"></testcase><testcase classname="test_submit" file="test_submit.py" line="9" name="test_q2" time="0.013"></testcase><testcase classname="test_submit" file="test_submit.py" line="15" name="test_q3" time="0.007"></testcase><testcase classname="test_submit" file="test_submit.py" line="21" name="test_q4" time="0.033"></testcase><testcase classname="test_submit" file="test_submit.py" line="27" name="test_q5" time="0.016"></testcase></testsuite></testsuites>