<?xml version="1.0" encoding="utf-8"?><testsuite errors="0" failures="0" name="pytest" skips="0" tests="10" time="5.375"><testcase classname="test_submit" file="test_submit.py" line="3" name="test_q1" time="0.0009982585906982422"></testcase><testcase classname="test_submit" file="test_submit.py" line="9" name="test_q2" time="0.13164377212524414"></testcase><testcase classname="test_submit" file="test_submit.py" line="15" name="test_q3" time="0.015959501266479492"></testcase><testcase classname="test_submit" file="test_submit.py" line="21" name="test_q4" time="0.0027513504028320312"></testcase><testcase classname="test_submit" file="test_submit.py" line="27" name="test_q5" time="0.38895630836486816"></testcase><testcase classname="test_submit" file="test_submit.py" line="33" name="test_q6" time="0.3147091865539551"></testcase><testcase classname="test_submit" file="test_submit.py" line="39" name="test_q7" time="0.05385756492614746"></testcase><testcase classname="test_submit" file="test_submit.py" line="45" name="test_q8" time="0.015225887298583984"></testcase><testcase classname="test_submit" file="test_submit.py" line="51" name="test_q9" time="0.03191328048706055"></testcase><testcase classname="test_submit" file="test_submit.py" line="57" name="test_q10" time="0.06409931182861328"></testcase></testsuite>